
Welcome to .NET Core!
---------------------
Learn more about .NET Core: https://aka.ms/dotnet-docs
Use 'dotnet --help' to see available commands or visit: https://aka.ms/dotnet-cli-docs

Telemetry
---------
The .NET Core tools collect usage data in order to help us improve your experience. The data is anonymous and doesn't include command-line arguments. The data is collected by Microsoft and shared with the community. You can opt-out of telemetry by setting the DOTNET_CLI_TELEMETRY_OPTOUT environment variable to '1' or 'true' using your favorite shell.

Read more about .NET Core CLI Tools telemetry: https://aka.ms/dotnet-cli-telemetry

ASP.NET Core
------------
Successfully installed the ASP.NET Core HTTPS Development Certificate.
To trust the certificate run 'dotnet dev-certs https --trust' (Windows and macOS only). For establishing trust on other platforms refer to the platform specific documentation.
For more information on configuring HTTPS see https://go.microsoft.com/fwlink/?linkid=848054.
  Restoring packages for /home/calvin/calvin-nix-conf/pkgs/btcpayserver/btcpayserver/BTCPayServer/BTCPayServer.csproj...
  Restoring packages for /home/calvin/calvin-nix-conf/pkgs/btcpayserver/btcpayserver/BTCPayServer/BTCPayServer.csproj...
  Restoring packages for /home/calvin/calvin-nix-conf/pkgs/btcpayserver/btcpayserver/BTCPayServer.Rating/BTCPayServer.Rating.csproj...
  Restoring packages for /home/calvin/calvin-nix-conf/pkgs/btcpayserver/btcpayserver/BTCPayServer.Common/BTCPayServer.Common.csproj...
  Installing System.Memory 4.5.0.
  Installing System.Xml.XmlSerializer 4.3.0.
  Installing Microsoft.Extensions.FileSystemGlobbing 2.1.0.
  Installing Microsoft.Extensions.FileProviders.Abstractions 2.1.0.
  Installing Microsoft.Extensions.Primitives 2.1.0.
  Installing System.Threading.Tasks.Extensions 4.0.0.
  Installing System.Security.Cryptography.Csp 4.0.0.
  Installing System.Security.Cryptography.Cng 4.2.0.
  Installing System.Security.Cryptography.OpenSsl 4.0.0.
  Installing System.Globalization.Extensions 4.0.1.
  Installing runtime.native.System.Security.Cryptography 4.0.0.
  Installing runtime.native.System.Net.Http 4.0.1.
  Installing System.Buffers 4.0.0.
  Installing runtime.native.System.IO.Compression 4.1.0.
  Installing runtime.native.System 4.0.0.
  Installing System.Runtime.Serialization.Primitives 4.3.0.
  Installing Microsoft.NETCore.App 2.1.0.
  Installing Newtonsoft.Json 12.0.2.
  Installing NBitpayClient 1.0.0.34.
  Installing Microsoft.AspNetCore.App 2.1.9.
  Installing DigitalRuby.ExchangeSharp 0.5.3.
  Installing NBitcoin 4.1.1.78.
  Installing NETStandard.Library 1.6.1.
  Installing Microsoft.NETCore.DotNetHostPolicy 2.1.0.
  Installing Microsoft.NETCore.Platforms 2.1.0.
  Installing Microsoft.NETCore.Targets 2.1.0.
  Installing NETStandard.Library 2.0.3.
  Installing Microsoft.AspNet.SignalR.Client 2.2.3.
  Installing NBitcoin 4.1.2.37.
  Installing System.Private.DataContractSerialization 4.3.0.
  Installing System.Runtime.CompilerServices.Unsafe 4.5.0.
  Installing runtime.win-x86.runtime.native.System.Data.SqlClient.sni 4.4.0.
  Installing runtime.win-x64.runtime.native.System.Data.SqlClient.sni 4.4.0.
  Installing runtime.win-arm64.runtime.native.System.Data.SqlClient.sni 4.4.0.
  Installing System.Threading.Timer 4.0.1.
  Installing System.Security.Cryptography.X509Certificates 4.1.0.
  Installing System.Security.Cryptography.Primitives 4.0.0.
  Installing System.Security.Cryptography.Encoding 4.0.0.
  Installing System.Security.Cryptography.Algorithms 4.2.0.
  Installing System.Runtime.Numerics 4.0.1.
  Installing System.Net.Sockets 4.1.0.
  Installing System.Net.Primitives 4.0.11.
  Installing NBXplorer.Client 2.0.0.17.
  Installing Microsoft.AspNet.WebApi.Client 5.2.6.
  Installing Microsoft.AspNetCore 2.1.7.
  Installing Microsoft.AspNetCore.Antiforgery 2.1.1.
  Installing Microsoft.AspNetCore.Authentication 2.1.2.
  Installing Microsoft.AspNetCore.Authentication.Abstractions 2.1.1.
  Installing Microsoft.AspNetCore.Authentication.Cookies 2.1.2.
  Installing Microsoft.AspNetCore.Authentication.Core 2.1.1.
  Installing Microsoft.AspNetCore.Authentication.Facebook 2.1.2.
  Installing System.Security.Cryptography.Xml 4.4.2.
  Installing Microsoft.AspNetCore.DataProtection.Abstractions 2.0.3.
  Installing Microsoft.AspNetCore.Cryptography.Internal 2.0.3.
  Installing Microsoft.Extensions.Localization.Abstractions 2.0.3.
  Installing Microsoft.DotNet.PlatformAbstractions 2.0.3.
  Installing Microsoft.Extensions.Configuration.Abstractions 2.0.2.
  Installing Microsoft.Extensions.Hosting.Abstractions 2.0.3.
  Installing Microsoft.AspNetCore.Hosting.Server.Abstractions 2.0.3.
  Installing Microsoft.AspNetCore.Authorization 2.0.4.
  Installing Microsoft.AspNetCore.Authentication.Abstractions 2.0.3.
  Installing Microsoft.Net.Http.Headers 2.0.3.
  Installing System.Security.Principal.Windows 4.4.0.
  Installing System.Security.AccessControl 4.4.0.
  Installing Microsoft.AspNetCore.Authentication.Google 2.1.8.
  Installing Microsoft.AspNetCore.Authentication.JwtBearer 2.1.2.
  Installing Microsoft.AspNetCore.Authentication.MicrosoftAccount 2.1.2.
  Installing Microsoft.AspNetCore.Authentication.OAuth 2.1.2.
  Installing Microsoft.AspNetCore.Authentication.OpenIdConnect 2.1.2.
  Installing Microsoft.AspNetCore.Authentication.Twitter 2.1.2.
  Installing Microsoft.AspNetCore.Authentication.WsFederation 2.1.2.
  Installing Microsoft.AspNetCore.Authorization 2.1.2.
  Installing Microsoft.AspNetCore.Authorization.Policy 2.1.2.
  Installing Microsoft.AspNetCore.Connections.Abstractions 2.1.3.
  Installing Microsoft.AspNetCore.CookiePolicy 2.1.2.
  Installing Microsoft.AspNetCore.Cors 2.1.1.
  Installing Microsoft.AspNetCore.Cryptography.Internal 2.1.1.
  Installing Microsoft.AspNetCore.Cryptography.KeyDerivation 2.1.1.
  Installing Microsoft.AspNetCore.DataProtection 2.1.1.
  Installing Microsoft.AspNetCore.DataProtection.Abstractions 2.1.1.
  Installing Microsoft.AspNetCore.DataProtection.Extensions 2.1.1.
  Installing Microsoft.AspNetCore.Diagnostics 2.1.1.
  Installing Microsoft.AspNetCore.Diagnostics.Abstractions 2.1.1.
  Installing NicolasDorier.CommandLine 1.0.0.2.
  Installing Microsoft.AspNetCore.Diagnostics.EntityFrameworkCore 2.1.1.
  Installing Microsoft.AspNetCore.HostFiltering 2.1.1.
  Installing Microsoft.AspNetCore.Hosting 2.1.1.
  Installing Microsoft.AspNetCore.Hosting.Abstractions 2.1.1.
  Installing Microsoft.AspNetCore.Hosting.Server.Abstractions 2.1.1.
  Installing Microsoft.AspNetCore.Html.Abstractions 2.1.1.
  Installing Microsoft.NetCore.Analyzers 2.6.2.
  Installing Microsoft.AspNetCore.Http.Abstractions 2.1.1.
  Installing Microsoft.AspNetCore.Http 2.1.1.
  Installing Microsoft.AspNetCore.Http.Connections 1.0.4.
  Installing Microsoft.AspNetCore.Http.Connections.Common 1.0.4.
  Installing Microsoft.AspNetCore.Http.Extensions 2.1.1.
  Installing Microsoft.AspNetCore.Http.Features 2.1.1.
  Installing Microsoft.AspNetCore.HttpOverrides 2.1.1.
  Installing Microsoft.AspNetCore.HttpsPolicy 2.1.1.
  Installing Microsoft.AspNetCore.Identity 2.1.6.
  Installing Microsoft.AspNetCore.Identity.EntityFrameworkCore 2.1.6.
  Installing Microsoft.AspNetCore.Identity.UI 2.1.6.
  Installing Microsoft.AspNetCore.JsonPatch 2.1.1.
  Installing Microsoft.AspNetCore.Localization 2.1.1.
  Installing Microsoft.AspNetCore.Localization.Routing 2.1.1.
  Installing Microsoft.AspNetCore.MiddlewareAnalysis 2.1.1.
  Installing Microsoft.AspNetCore.Mvc.Abstractions 2.1.3.
  Installing Microsoft.AspNetCore.Mvc 2.1.3.
  Installing Microsoft.AspNetCore.Mvc.Analyzers 2.1.3.
  Installing Microsoft.AspNetCore.Mvc.ApiExplorer 2.1.3.
  Installing Microsoft.AspNetCore.Mvc.Core 2.1.3.
  Installing Microsoft.AspNetCore.Mvc.Cors 2.1.3.
  Installing Microsoft.AspNetCore.Mvc.DataAnnotations 2.1.3.
  Installing Microsoft.AspNetCore.Mvc.Formatters.Json 2.1.3.
  Installing Microsoft.AspNetCore.Mvc.Formatters.Xml 2.1.3.
  Installing Microsoft.AspNetCore.Mvc.Localization 2.1.3.
  Installing Microsoft.AspNetCore.Mvc.Razor 2.1.3.
  Installing Microsoft.AspNetCore.Mvc.Razor.Extensions 2.1.2.
  Installing Microsoft.AspNetCore.Mvc.Razor.ViewCompilation 2.1.1.
  Installing Microsoft.AspNetCore.Mvc.RazorPages 2.1.3.
  Installing Microsoft.AspNetCore.Mvc.TagHelpers 2.1.3.
  Installing Microsoft.AspNetCore.Mvc.ViewFeatures 2.1.3.
  Installing Microsoft.AspNetCore.NodeServices 2.1.1.
  Installing Microsoft.AspNetCore.Owin 2.1.1.
  Installing Microsoft.AspNetCore.Razor 2.1.2.
  Installing Microsoft.AspNetCore.Razor.Design 2.1.2.
  Installing Microsoft.AspNetCore.Razor.Language 2.1.2.
  Installing Microsoft.AspNetCore.Razor.Runtime 2.1.2.
  Installing Microsoft.AspNetCore.ResponseCaching 2.1.1.
  Installing Microsoft.AspNetCore.ResponseCaching.Abstractions 2.1.1.
  Installing Microsoft.AspNetCore.ResponseCompression 2.1.1.
  Installing Microsoft.AspNetCore.Rewrite 2.1.1.
  Installing Microsoft.AspNetCore.Routing 2.1.1.
  Installing Microsoft.AspNetCore.Routing.Abstractions 2.1.1.
  Installing Microsoft.AspNetCore.Server.IISIntegration 2.1.7.
  Installing BuildBundlerMinifier 2.9.406.
  Installing Microsoft.AspNetCore.Server.HttpSys 2.1.1.
  Installing Microsoft.AspNetCore.Server.Kestrel.Core 2.1.7.
  Installing Microsoft.AspNetCore.Server.Kestrel 2.1.3.
  Installing Microsoft.AspNetCore.WebUtilities 2.0.3.
  Installing Microsoft.AspNetCore.Server.Kestrel.Https 2.1.3.
  Installing Microsoft.AspNetCore.DataProtection 2.0.3.
  Installing Microsoft.AspNetCore.Server.Kestrel.Transport.Abstractions 2.1.3.
  Installing Microsoft.AspNetCore.Server.Kestrel.Transport.Sockets 2.1.3.
  Installing Microsoft.AspNetCore.JsonPatch 2.0.0.
  Installing Microsoft.AspNetCore.Session 2.1.1.
  Installing Microsoft.AspNetCore.SignalR 1.0.4.
  Installing Microsoft.Extensions.Localization 2.0.3.
  Installing Microsoft.AspNetCore.SignalR.Common 1.0.4.
  Installing Microsoft.AspNetCore.SignalR.Core 1.0.4.
  Installing Microsoft.Extensions.Logging.Abstractions 2.0.2.
  Installing Microsoft.AspNetCore.SignalR.Protocols.Json 1.0.4.
  Installing Microsoft.Extensions.DependencyModel 2.0.3.
  Installing Microsoft.AspNetCore.SpaServices 2.1.1.
  Installing Microsoft.AspNetCore.SpaServices.Extensions 2.1.1.
  Installing Microsoft.AspNetCore.StaticFiles 2.1.1.
  Installing Microsoft.AspNetCore.WebSockets 2.1.7.
  Installing Microsoft.AspNetCore.WebUtilities 2.1.1.
  Installing Microsoft.EntityFrameworkCore 2.1.8.
  Installing Microsoft.EntityFrameworkCore.Abstractions 2.1.8.
  Installing Microsoft.EntityFrameworkCore.Analyzers 2.1.8.
  Installing Microsoft.CodeAnalysis.Razor 2.1.2.
  Installing Microsoft.EntityFrameworkCore.Design 2.1.8.
  Installing Microsoft.EntityFrameworkCore.InMemory 2.1.8.
  Installing Microsoft.EntityFrameworkCore.Relational 2.1.8.
  Installing Microsoft.EntityFrameworkCore.SqlServer 2.1.8.
  Installing Microsoft.EntityFrameworkCore.Tools 2.1.8.
  Installing Microsoft.Extensions.Caching.Abstractions 2.1.2.
  Installing Microsoft.Extensions.Caching.Memory 2.1.2.
  Installing Microsoft.Extensions.Caching.SqlServer 2.1.2.
  Installing Microsoft.Extensions.Configuration 2.1.1.
  Installing Microsoft.Extensions.Configuration.Abstractions 2.1.1.
  Installing Microsoft.AspNetCore.Routing 2.0.3.
  Installing Microsoft.Extensions.Configuration.CommandLine 2.1.1.
  Installing Microsoft.Extensions.Configuration.EnvironmentVariables 2.1.1.
  Installing Microsoft.Extensions.Configuration.Binder 2.1.1.
  Installing Microsoft.Extensions.Configuration.FileExtensions 2.1.1.
  Installing Microsoft.Extensions.Configuration.Ini 2.1.1.
  Installing Microsoft.Extensions.Configuration.Json 2.1.1.
  Installing Microsoft.Extensions.Configuration.KeyPerFile 2.1.1.
  Installing Microsoft.Extensions.Configuration.UserSecrets 2.1.1.
  Installing Microsoft.Extensions.Configuration.Xml 2.1.1.
  Installing Microsoft.Extensions.DependencyInjection 2.1.1.
  Installing Microsoft.Extensions.DependencyInjection.Abstractions 2.1.1.
  Installing Microsoft.Extensions.DiagnosticAdapter 2.1.0.
  Installing Microsoft.Extensions.FileProviders.Abstractions 2.1.1.
  Installing Microsoft.Extensions.FileProviders.Composite 2.1.1.
  Installing Microsoft.Extensions.FileProviders.Embedded 2.1.1.
  Installing Microsoft.AspNetCore.ResponseCaching.Abstractions 2.0.3.
  Installing Microsoft.Extensions.FileProviders.Physical 2.1.1.
  Installing Text.Analyzers 2.6.2.
  Installing Microsoft.Extensions.FileSystemGlobbing 2.1.1.
  Installing Microsoft.Extensions.Hosting 2.1.1.
  Installing Microsoft.Extensions.Hosting.Abstractions 2.1.1.
  Installing LedgerWallet 2.0.0.3.
  Installing Microsoft.Extensions.Http 2.1.1.
  Installing BundlerMinifier.Core 2.9.406.
  Installing DBriize 1.0.0.4.
  Installing Newtonsoft.Json 11.0.2.
  Installing Microsoft.Extensions.Logging.Abstractions 1.0.2.
  Installing Microsoft.Extensions.Identity.Core 2.1.6.
  Installing Microsoft.Extensions.Identity.Stores 2.1.6.
  Installing Microsoft.Extensions.Localization 2.1.1.
  Installing Microsoft.Extensions.Localization.Abstractions 2.1.1.
  Installing Microsoft.Extensions.Logging 2.1.1.
  Installing Microsoft.Extensions.Logging.Abstractions 2.1.1.
  Installing Microsoft.AspNetCore.Http.Extensions 2.0.3.
  Installing Microsoft.Extensions.Logging.Configuration 2.1.1.
  Installing Microsoft.Extensions.Logging.Console 2.1.1.
  Installing Microsoft.Extensions.Logging.Debug 2.1.1.
  Installing Microsoft.Extensions.Logging.EventSource 2.1.1.
  Installing Microsoft.Extensions.Logging.TraceSource 2.1.1.
  Installing Microsoft.Extensions.ObjectPool 2.1.6.
  Installing Microsoft.Extensions.Options 2.1.1.
  Installing Microsoft.Extensions.Options.ConfigurationExtensions 2.1.1.
  Installing Microsoft.Extensions.Primitives 2.1.6.
  Installing TwentyTwenty.Storage.Local 2.11.2.
  Installing Microsoft.Extensions.WebEncoders 2.1.1.
  Installing Microsoft.Net.Http.Headers 2.1.1.
  Installing System.IO.Pipelines 4.5.3.
  Installing TwentyTwenty.Storage 2.11.2.
  Installing System.Buffers 4.5.0.
  Installing System.Net.Http 4.3.3.
  Installing System.Net.Requests 4.3.0.
  Installing YamlDotNet 5.2.1.
  Installing Microsoft.NETCore.Platforms 1.1.0.
  Installing HtmlSanitizer 4.0.207.
  Installing Microsoft.Win32.Primitives 4.3.0.
  Installing System.AppContext 4.3.0.
  Installing System.Collections 4.3.0.
  Installing NBitcoin.Altcoins 1.0.2.6.
  Installing U2F.Core 1.0.4.
  Installing NicolasDorier.StandardConfiguration 1.0.0.18.
  Installing System.Net.WebSockets.Client 4.3.2.
  Installing Npgsql.EntityFrameworkCore.PostgreSQL 2.1.2.
  Installing System.Collections.Concurrent 4.3.0.
  Installing System.Console 4.3.0.
  Installing NicolasDorier.CommandLine.Configuration 1.0.0.3.
  Installing System.Diagnostics.Debug 4.3.0.
  Installing Serilog.Sinks.File 4.0.0.
  Installing System.Diagnostics.Tools 4.3.0.
  Installing System.Diagnostics.Tracing 4.3.0.
  Installing System.Globalization 4.3.0.
  Installing System.Globalization.Calendars 4.3.0.
  Installing Microsoft.Extensions.Logging.Filter 1.1.2.
  Installing Microsoft.AspNetCore.Http 2.0.3.
  Installing System.IO 4.3.0.
  Installing System.IO.Compression 4.3.0.
  Installing System.IO.Compression.ZipFile 4.3.0.
  Installing System.Net.Http 4.1.0.
  Installing System.IO.FileSystem 4.3.0.
  Installing System.IO.FileSystem.Primitives 4.3.0.
  Installing TwentyTwenty.Storage.Azure 2.11.2.
  Installing System.Linq 4.3.0.
  Installing System.Linq.Expressions 4.3.0.
  Installing System.Net.Http 4.3.0.
  Installing Serilog 2.7.1.
  Installing System.Collections 4.0.11.
  Installing System.Collections.Concurrent 4.0.12.
  Installing Pomelo.EntityFrameworkCore.MySql 2.1.2.
  Installing System.Diagnostics.Debug 4.0.11.
  Installing TwentyTwenty.Storage.Amazon 2.11.2.
  Installing System.Globalization 4.0.11.
  Installing System.Net.Primitives 4.3.0.
  Installing System.Net.Sockets 4.3.0.
  Installing System.ObjectModel 4.3.0.
  Installing System.Reflection 4.3.0.
  Installing System.Reflection.Extensions 4.3.0.
  Installing System.Reflection.Primitives 4.3.0.
  Installing System.Linq 4.1.0.
  Installing System.Resources.ResourceManager 4.3.0.
  Installing System.Runtime 4.3.0.
  Installing System.Runtime.Extensions 4.3.0.
  Installing System.Runtime.Handles 4.3.0.
  Installing System.Runtime.InteropServices 4.3.0.
  Installing System.Runtime.InteropServices.RuntimeInformation 4.3.0.
  Installing System.Runtime.Numerics 4.3.0.
  Installing System.Security.Cryptography.Algorithms 4.3.0.
  Installing System.Reflection 4.1.0.
  Installing System.IO.FileSystem.Primitives 4.0.1.
  Installing System.Security.Cryptography.Encoding 4.3.0.
  Installing System.Security.Cryptography.Primitives 4.3.0.
  Installing System.Security.Cryptography.X509Certificates 4.3.0.
  Installing System.IO.Compression.ZipFile 4.0.1.
  Installing System.Resources.ResourceManager 4.0.1.
  Installing System.Text.Encoding 4.3.0.
  Installing System.Text.Encoding.Extensions 4.3.0.
  Installing System.Text.RegularExpressions 4.3.0.
  Installing Microsoft.EntityFrameworkCore.Sqlite 2.1.4.
  Installing Serilog.AspNetCore 2.1.1.
  Installing System.Threading 4.3.0.
  Installing System.Runtime.Extensions 4.1.0.
  Installing System.Threading.Tasks 4.3.0.
  Installing System.Threading.Timer 4.3.0.
  Installing System.IO.Compression 4.1.0.
  Installing System.Xml.ReaderWriter 4.3.0.
  Installing System.Xml.XDocument 4.3.0.
  Installing System.Runtime.InteropServices 4.1.0.
  Installing Microsoft.NETCore.DotNetHostResolver 2.1.0.
  Installing runtime.native.System 4.3.0.
  Installing runtime.native.System.Net.Http 4.3.0.
  Installing SSH.NET 2016.1.0.
  Installing OpenIddict.EntityFrameworkCore 2.0.0.
  Installing TwentyTwenty.Storage.Google 2.11.2.
  Installing NicolasDorier.RateLimits 1.0.0.3.
  Installing BTCPayServer.Lightning.All 1.1.0.22.
  Installing runtime.native.System.Security.Cryptography.OpenSsl 4.3.2.
  Installing Newtonsoft.Json.Bson 1.0.1.
  Installing System.Diagnostics.DiagnosticSource 4.3.0.
  Installing System.Globalization.Extensions 4.3.0.
  Installing OpenIddict 2.0.0.
  Installing BundlerMinifier.TagHelpers 2.9.406.
  Installing Microsoft.IdentityModel.Protocols.OpenIdConnect 5.2.0.
  Installing Microsoft.IdentityModel.Protocols.WsFederation 5.2.0.
  Installing System.IdentityModel.Tokens.Jwt 5.2.0.
  Installing Microsoft.Win32.Registry 4.5.0.
  Installing Hid.Net 1.1.6.
  Installing System.Security.Cryptography.OpenSsl 4.3.0.
  Installing System.Security.Cryptography.Xml 4.5.0.
  Installing NBitcoin 4.1.1.20.
  Installing System.Security.Principal.Windows 4.5.0.
  Installing System.Diagnostics.DiagnosticSource 4.5.0.
  Installing System.Net.WebHeaderCollection 4.3.0.
  Installing System.Reflection.Metadata 1.6.0.
  Installing System.Text.Encodings.Web 4.5.0.
  Installing NUglify 1.5.12.
  Installing Microsoft.Extensions.Configuration.EnvironmentVariables 2.1.0.
  Installing Microsoft.CSharp 4.5.0.
  Installing Microsoft.Extensions.Configuration.Ini 2.1.0.
  Installing AngleSharp 0.9.11.
  Installing Portable.BouncyCastle 1.8.1.3.
  Installing Microsoft.EntityFrameworkCore 2.1.2.
  Installing Microsoft.Extensions.Logging.Abstractions 2.1.0.
  Installing Microsoft.EntityFrameworkCore.Abstractions 2.1.2.
  Installing Microsoft.EntityFrameworkCore.Relational 2.1.2.
  Installing Npgsql 4.0.3.
  Installing Microsoft.Extensions.Configuration 2.1.0.
  Installing System.IO 4.1.0.
  Installing System.IO.FileSystem 4.0.1.
  Installing System.Text.Encoding.Extensions 4.0.11.
  Installing Microsoft.Extensions.DependencyModel 2.1.0.
  Installing System.Threading 4.0.11.
  Installing System.Diagnostics.DiagnosticSource 4.5.1.
  Installing System.Net.NameResolution 4.3.0.
  Installing System.Net.Security 4.3.0.
  Installing System.Threading.Tasks.Extensions 4.5.1.
  Installing System.ComponentModel.Annotations 4.5.0.
  Installing Microsoft.CodeAnalysis.CSharp 2.8.0.
  Installing System.Globalization.Calendars 4.0.1.
  Installing System.Net.WebSockets 4.3.0.
  Installing Newtonsoft.Json 10.0.1.
  Installing System.Memory 4.5.2.
  Installing System.Numerics.Vectors 4.5.0.
  Installing Microsoft.Extensions.Configuration.Abstractions 1.1.2.
  Installing System.Runtime.CompilerServices.Unsafe 4.5.2.
  Installing System.Security.Principal.Windows 4.5.1.
  Installing System.Security.Cryptography.Cng 4.5.0.
  Installing System.Reflection.Emit 4.3.0.
  Installing Microsoft.Extensions.Logging.Abstractions 1.1.2.
  Installing WindowsAzure.Storage 9.1.1.
  Installing System.Collections.NonGeneric 4.3.0.
  Installing MySqlConnector 0.44.1.
  Installing System.Threading.Channels 4.5.0.
  Installing Pomelo.JsonObject 2.0.0.
  Installing AWSSDK.S3 3.3.18.
  Installing System.Net.WebSockets.WebSocketProtocol 4.5.3.
  Installing Microsoft.CodeAnalysis.Common 2.8.0.
  Installing Remotion.Linq 2.2.0.
  Installing Microsoft.EntityFrameworkCore.Sqlite.Core 2.1.4.
  Installing System.Collections.Immutable 1.5.0.
  Installing System.Interactive.Async 3.1.1.
  Installing System.Memory 4.5.1.
  Installing System.Data.SqlClient 4.5.1.
  Installing System.Diagnostics.Tools 4.0.1.
  Installing SQLitePCLRaw.bundle_green 1.1.11.
  Installing Serilog.Extensions.Logging 2.0.0.
  Installing Microsoft.AspNetCore.Hosting.Abstractions 2.0.0.
  Installing Microsoft.Extensions.DependencyInjection 2.0.0.
  Installing Microsoft.Extensions.Logging 2.0.0.
  Installing Microsoft.CSharp 4.0.1.
  Installing Microsoft.NETCore.Targets 1.1.0.
  Installing runtime.native.System.IO.Compression 4.3.0.
  Installing Microsoft.NETCore.Platforms 1.0.1.
  Installing SshNet.Security.Cryptography 1.2.0.
  Installing System.Buffers 4.3.0.
  Installing Microsoft.NETCore.Targets 1.0.1.
  Installing System.Diagnostics.TraceSource 4.0.0.
  Installing System.Reflection.Emit.ILGeneration 4.3.0.
  Installing System.Runtime 4.1.0.
  Installing System.Diagnostics.Tracing 4.1.0.
  Installing System.Net.NameResolution 4.0.0.
  Installing System.Reflection.Emit.Lightweight 4.3.0.
  Installing System.Reflection.TypeExtensions 4.3.0.
  Installing System.Reflection.Extensions 4.0.1.
  Installing System.Text.RegularExpressions 4.1.0.
  Installing runtime.native.System.Security.Cryptography.OpenSsl 4.3.0.
  Installing System.Threading.Tasks 4.0.11.
  Installing runtime.native.System.Security.Cryptography.Apple 4.3.0.
  Installing System.Security.Cryptography.Cng 4.3.0.
  Installing System.Security.Cryptography.Csp 4.3.0.
  Installing System.Reflection.Primitives 4.0.1.
  Installing System.Threading.Tasks.Extensions 4.3.0.
  Installing System.Runtime.Handles 4.0.1.
  Installing Microsoft.NETCore.DotNetAppHost 2.1.0.
  Installing runtime.debian.8-x64.runtime.native.System.Security.Cryptography.OpenSsl 4.3.2.
  Installing runtime.fedora.23-x64.runtime.native.System.Security.Cryptography.OpenSsl 4.3.2.
  Installing Microsoft.IdentityModel.Protocols 5.2.0.
  Installing System.Threading.Thread 4.0.0.
  Installing System.Threading.ThreadPool 4.0.10.
  Installing Microsoft.IdentityModel.Tokens.Saml 5.2.0.
  Installing System.Dynamic.Runtime 4.3.0.
  Installing runtime.fedora.24-x64.runtime.native.System.Security.Cryptography.OpenSsl 4.3.2.
  Installing System.Xml.XmlDocument 4.0.1.
  Installing Microsoft.IdentityModel.Xml 5.2.0.
  Installing System.Xml.XmlSerializer 4.0.11.
  Installing System.Threading.Overlapped 4.0.1.
  Installing System.Security.Principal 4.0.1.
  Installing System.Dynamic.Runtime 4.0.11.
  Installing System.Private.DataContractSerialization 4.1.1.
  Installing Microsoft.Win32.Registry 4.0.0.
  Installing Microsoft.NETCore.DotNetAppHost 2.0.0.
  Installing System.Diagnostics.DiagnosticSource 4.0.0.
  Installing System.Reflection.Emit.Lightweight 4.0.1.
  Installing System.Reflection.Emit.ILGeneration 4.0.1.
  Installing System.Reflection.Emit 4.0.1.
  Installing System.Runtime.CompilerServices.Unsafe 4.4.0.
  Installing System.IO.Pipes 4.0.0.
  Installing System.Threading.Tasks.Dataflow 4.6.0.
  Installing System.Diagnostics.FileVersionInfo 4.0.0.
  Installing System.Diagnostics.Contracts 4.0.1.
  Installing System.Xml.XmlDocument 4.3.0.
  Installing System.Xml.XPath.XmlDocument 4.0.1.
  Installing runtime.opensuse.13.2-x64.runtime.native.System.Security.Cryptography.OpenSsl 4.3.2.
  Installing runtime.opensuse.42.1-x64.runtime.native.System.Security.Cryptography.OpenSsl 4.3.2.
  Installing Microsoft.IdentityModel.Tokens 5.2.0.
  Installing OpenIddict.Core 2.0.0.
  Installing System.Security.AccessControl 4.5.0.
  Installing runtime.osx.10.10-x64.runtime.native.System.Security.Cryptography.OpenSsl 4.3.2.
  Installing System.Security.Cryptography.Pkcs 4.5.0.
  Installing Microsoft.VisualStudio.Web.CodeGeneration.Tools 2.0.0.
  Installing System.Console 4.0.0.
  Installing System.Security.Permissions 4.5.0.
  Installing Microsoft.Extensions.FileProviders.Physical 2.0.0.
  Installing OpenIddict.EntityFrameworkCore.Models 2.0.0.
  Installing Microsoft.NETCore.Platforms 2.0.0.
  Installing Microsoft.DotNet.PlatformAbstractions 2.1.0.
  Installing runtime.rhel.7-x64.runtime.native.System.Security.Cryptography.OpenSsl 4.3.2.
  Installing Microsoft.EntityFrameworkCore.Relational 2.0.0.
  Installing runtime.ubuntu.14.04-x64.runtime.native.System.Security.Cryptography.OpenSsl 4.3.2.
  Installing runtime.ubuntu.16.04-x64.runtime.native.System.Security.Cryptography.OpenSsl 4.3.2.
  Installing runtime.ubuntu.16.10-x64.runtime.native.System.Security.Cryptography.OpenSsl 4.3.2.
  Installing Microsoft.VisualStudio.Web.CodeGeneration.Contracts 2.0.0.
  Installing Google.Cloud.Storage.V1 2.1.0.
  Installing Microsoft.CodeAnalysis.Analyzers 1.1.0.
  Installing Microsoft.AspNetCore.Mvc.Core 2.1.0.
  Installing System.Collections.Immutable 1.3.1.
  Installing BTCPayServer.Lightning.Charge 1.1.0.16.
  Installing BTCPayServer.Lightning.CLightning 1.1.0.16.
  Installing NuGet.Frameworks 4.0.0.
  Installing BTCPayServer.Lightning.Eclair 1.1.0.2.
  Installing BTCPayServer.Lightning.LND 1.1.0.21.
  Installing Microsoft.NETCore.App 2.0.0.
  Installing BTCPayServer.Lightning.Ptarmigan 1.0.0.2.
  Installing System.Diagnostics.FileVersionInfo 4.3.0.
  Installing Microsoft.Build.Runtime 15.3.409.
  Installing Microsoft.Extensions.Configuration.FileExtensions 2.1.0.
  Installing System.Security.Principal.Windows 4.3.0.
  Installing runtime.native.System.Net.Security 4.3.0.
  Installing System.Diagnostics.StackTrace 4.3.0.
  Installing System.Security.Claims 4.3.0.
  Installing System.Security.Principal 4.3.0.
  Installing System.Threading.ThreadPool 4.3.0.
  Installing OpenIddict.Abstractions 2.0.0.
  Installing Microsoft.CSharp 4.3.0.
  Installing OpenIddict.Mvc 2.0.0.
  Installing System.ComponentModel.TypeConverter 4.3.0.
  Installing OpenIddict.Server 2.0.0.
  Installing OpenIddict.Validation 2.0.0.
  Installing Microsoft.AspNetCore.Mvc.TagHelpers 2.0.4.
  Installing System.Net.Requests 4.0.11.
  Installing System.Text.Encoding 4.0.11.
  Installing Microsoft.EntityFrameworkCore.Analyzers 2.1.2.
  Installing System.Reflection.Metadata 1.4.2.
  Installing System.Text.Encoding.CodePages 4.3.0.
  Installing System.Runtime.Serialization.Formatters 4.3.0.
  Installing Microsoft.Extensions.Caching.Memory 2.1.1.
  Installing Microsoft.Extensions.FileProviders.Abstractions 2.0.0.
  Installing System.Threading.Tasks.Extensions 4.5.0.
  Installing Microsoft.Extensions.FileSystemGlobbing 2.0.0.
  Installing NETStandard.Library 1.6.0.
  Installing Microsoft.Extensions.Configuration.Abstractions 2.1.0.
  Installing System.Threading.Thread 4.3.0.
  Installing Microsoft.Extensions.Primitives 1.1.1.
  Installing Microsoft.NETCore.DotNetHostPolicy 2.0.0.
  Installing System.Threading.Tasks.Parallel 4.3.0.
  Installing System.ValueTuple 4.5.0.
  Installing AWSSDK.Core 3.3.21.19.
  Installing System.ValueTuple 4.3.0.
  Installing System.Xml.XPath.XDocument 4.3.0.
  Installing Microsoft.EntityFrameworkCore.Relational 2.1.4.
  Installing System.Linq.Expressions 4.1.0.
  Installing NETStandard.Library 2.0.0.
  Installing System.Linq.Queryable 4.0.1.
  Installing Microsoft.Build.Framework 15.3.409.
  Installing Microsoft.Data.Sqlite.Core 2.1.0.
  Installing System.Text.Encoding.CodePages 4.0.1.
  Installing SQLitePCLRaw.core 1.1.11.
  Installing SQLitePCLRaw.provider.e_sqlite3.netstandard11 1.1.11.
  Installing System.Runtime.Loader 4.0.0.
  Installing Microsoft.Build.Utilities.Core 15.3.409.
  Installing SQLitePCLRaw.lib.e_sqlite3.v110_xp 1.1.11.
  Installing Microsoft.Build.Tasks.Core 15.3.409.
  Installing Microsoft.Build 15.3.409.
  Installing SQLitePCLRaw.lib.e_sqlite3.osx 1.1.11.
  Installing System.ObjectModel 4.0.12.
  Installing Newtonsoft.Json 9.0.1.
  Installing System.Collections.Specialized 4.3.0.
  Installing SQLitePCLRaw.lib.e_sqlite3.linux 1.1.11.
  Installing Microsoft.AspNetCore.Hosting.Server.Abstractions 2.0.0.
  Installing Microsoft.Extensions.Hosting.Abstractions 2.0.0.
  Installing System.ComponentModel 4.3.0.
  Installing Microsoft.AspNetCore.Http.Abstractions 2.0.0.
  Installing Microsoft.Extensions.Configuration.Abstractions 2.0.0.
  Installing Microsoft.Win32.Primitives 4.0.1.
  Installing System.ComponentModel.Primitives 4.3.0.
  Installing runtime.native.System.Data.SqlClient.sni 4.4.0.
  Installing System.Text.Encoding.CodePages 4.5.0.
  Installing Microsoft.Extensions.Primitives 2.0.0.
  Installing runtime.debian.8-x64.runtime.native.System.Security.Cryptography.OpenSsl 4.3.0.
  Installing System.AppContext 4.1.0.
  Installing runtime.fedora.23-x64.runtime.native.System.Security.Cryptography.OpenSsl 4.3.0.
  Installing Microsoft.Extensions.DependencyInjection.Abstractions 2.0.0.
  Installing Microsoft.Extensions.Logging.Abstractions 2.0.0.
  Installing Microsoft.Extensions.Options 2.0.0.
  Installing runtime.fedora.24-x64.runtime.native.System.Security.Cryptography.OpenSsl 4.3.0.
  Installing System.Reflection.TypeExtensions 4.1.0.
  Installing runtime.opensuse.13.2-x64.runtime.native.System.Security.Cryptography.OpenSsl 4.3.0.
  Installing System.Security.Principal.Windows 4.0.0.
  Installing System.Xml.ReaderWriter 4.0.11.
  Installing runtime.opensuse.42.1-x64.runtime.native.System.Security.Cryptography.OpenSsl 4.3.0.
  Installing runtime.osx.10.10-x64.runtime.native.System.Security.Cryptography.OpenSsl 4.3.0.
  Installing runtime.rhel.7-x64.runtime.native.System.Security.Cryptography.OpenSsl 4.3.0.
  Installing runtime.osx.10.10-x64.runtime.native.System.Security.Cryptography.Apple 4.3.0.
  Installing System.Xml.XPath 4.0.1.
  Installing CryptoHelper 3.0.2.
  Installing Microsoft.Extensions.FileProviders.Physical 2.1.0.
  Installing runtime.ubuntu.14.04-x64.runtime.native.System.Security.Cryptography.OpenSsl 4.3.0.
  Installing Microsoft.Extensions.Caching.Memory 2.0.0.
  Installing runtime.ubuntu.16.04-x64.runtime.native.System.Security.Cryptography.OpenSsl 4.3.0.
  Installing Microsoft.EntityFrameworkCore 2.0.0.
  Installing runtime.ubuntu.16.10-x64.runtime.native.System.Security.Cryptography.OpenSsl 4.3.0.
  Installing System.Resources.Writer 4.0.0.
  Installing System.Runtime.InteropServices.RuntimeInformation 4.0.0.
  Installing Microsoft.IdentityModel.Logging 5.2.0.
  Installing Microsoft.CSharp 4.4.0.
  Installing Google.Api.Gax.Rest 2.2.1.
  Installing System.Diagnostics.Contracts 4.3.0.
  Installing Google.Apis.Storage.v1 1.32.0.1035.
  Installing System.Runtime.Serialization.Xml 4.3.0.
  Installing System.Xml.XDocument 4.0.11.
  Installing Microsoft.NETCore.DotNetHostResolver 2.0.0.
  Installing System.Xml.XPath 4.3.0.
  Installing Microsoft.AspNetCore.Mvc.Abstractions 2.1.0.
  Installing Microsoft.AspNetCore.Authentication.Core 2.1.0.
  Installing System.Collections.NonGeneric 4.0.1.
  Installing System.Runtime.Serialization.Primitives 4.1.1.
  Installing System.Diagnostics.Process 4.1.0.
  Installing Microsoft.AspNetCore.Authorization.Policy 2.1.0.
  Installing Microsoft.AspNetCore.Hosting.Abstractions 2.1.0.
  Installing Microsoft.AspNetCore.Http 2.1.0.
  Installing Microsoft.AspNetCore.Http.Extensions 2.1.0.
  Installing Microsoft.AspNetCore.ResponseCaching.Abstractions 2.1.0.
  Installing System.Resources.Reader 4.0.0.
  Installing System.Runtime.Serialization.Xml 4.1.1.
  Installing Microsoft.AspNetCore.Routing 2.1.0.
  Installing Microsoft.Extensions.DependencyInjection 2.1.0.
  Installing BTCPayServer.Lightning.Common 1.1.0.15.
  Installing System.Collections.Immutable 1.2.0.
  Installing System.ComponentModel.Annotations 4.4.0.
  Installing System.Threading.Tasks.Extensions 4.4.0.
  Installing Microsoft.AspNetCore.Mvc.Core 2.0.0.
  Installing AspNet.Security.OpenIdConnect.Server 2.0.0.
  Installing Microsoft.AspNetCore.Diagnostics.Abstractions 2.0.0.
  Installing System.Reflection.Metadata 1.3.0.
  Installing System.Linq.Parallel 4.0.1.
  Installing AspNet.Security.OAuth.Validation 2.0.0.
  Installing Microsoft.AspNetCore.Mvc.Razor 2.0.4.
  Installing Microsoft.AspNetCore.Razor.Runtime 2.0.3.
  Installing Microsoft.AspNetCore.Routing.Abstractions 2.0.3.
  Installing Microsoft.Extensions.Caching.Memory 2.0.2.
  Installing Microsoft.Extensions.FileSystemGlobbing 2.0.1.
  Installing System.Net.WebHeaderCollection 4.0.1.
  Installing Microsoft.Extensions.Caching.Abstractions 2.1.1.
  Installing System.Runtime.CompilerServices.Unsafe 4.3.0.
  Installing Microsoft.EntityFrameworkCore 2.1.4.
  Installing Microsoft.AspNetCore.Http.Features 2.0.0.
  Installing System.Text.Encodings.Web 4.4.0.
  Installing System.Security.Claims 4.0.1.
  Installing Microsoft.AspNetCore.Cryptography.KeyDerivation 2.0.1.
  Installing Microsoft.Extensions.Caching.Abstractions 2.0.0.
  Installing System.Diagnostics.DiagnosticSource 4.4.1.
  Installing Microsoft.AspNetCore.Hosting.Abstractions 2.0.3.
  Installing Remotion.Linq 2.1.1.
  Installing System.Collections.Immutable 1.4.0.
  Installing Google.Api.Gax 2.2.1.
  Installing Google.Apis.Auth 1.30.0.
  Installing Google.Apis 1.32.0.
  Installing Google.Apis.Auth 1.32.0.
  Installing Microsoft.AspNetCore.Routing.Abstractions 2.1.0.
  Installing Microsoft.Net.Http.Headers 2.1.0.
  Installing Microsoft.AspNetCore.Authorization.Policy 2.0.4.
  Installing Microsoft.AspNetCore.Authentication.Abstractions 2.1.0.
  Installing Microsoft.AspNetCore.Authorization 2.1.0.
  Installing Microsoft.AspNetCore.Hosting.Server.Abstractions 2.1.0.
  Installing Microsoft.Extensions.Hosting.Abstractions 2.1.0.
  Installing Microsoft.AspNetCore.Http.Abstractions 2.1.0.
  Installing Microsoft.Extensions.ObjectPool 2.1.0.
  Installing Microsoft.AspNetCore.WebUtilities 2.1.0.
  Installing Microsoft.Extensions.Options 2.1.0.
  Installing Microsoft.Extensions.DependencyInjection.Abstractions 2.1.0.
  Installing NBitcoin 4.1.2.14.
  Installing Microsoft.AspNetCore.Authentication.Core 2.0.0.
  Installing Microsoft.AspNetCore.Mvc.Abstractions 2.0.0.
  Installing Microsoft.AspNetCore.Authorization.Policy 2.0.0.
  Installing Microsoft.AspNetCore.Http 2.0.0.
  Installing Microsoft.AspNetCore.Http.Extensions 2.0.0.
  Installing Microsoft.AspNetCore.ResponseCaching.Abstractions 2.0.0.
  Installing Microsoft.AspNetCore.Routing 2.0.0.
  Installing Microsoft.Extensions.DependencyModel 2.0.0.
  Installing Microsoft.AspNetCore.Authentication 2.0.0.
  Installing Microsoft.IdentityModel.Protocols.OpenIdConnect 5.2.1.
  Installing AspNet.Security.OpenIdConnect.Extensions 2.0.0.
  Installing Microsoft.AspNetCore.Mvc.ViewFeatures 2.0.4.
  Installing Microsoft.AspNetCore.Mvc.Razor.Extensions 2.0.3.
  Installing Microsoft.CodeAnalysis.CSharp 2.3.1.
  Installing Microsoft.CodeAnalysis.Razor 2.0.3.
  Installing Microsoft.Extensions.FileProviders.Composite 2.0.1.
  Installing Microsoft.AspNetCore.Razor 2.0.3.
  Installing Microsoft.AspNetCore.Html.Abstractions 2.0.2.
  Installing Microsoft.AspNetCore.Http.Abstractions 2.0.3.
  Installing Microsoft.Extensions.Caching.Abstractions 2.0.2.
  Installing Microsoft.Extensions.Options 2.0.2.
  Installing Microsoft.Extensions.Primitives 2.1.1.
  Installing Microsoft.EntityFrameworkCore.Abstractions 2.1.4.
  Installing Microsoft.EntityFrameworkCore.Analyzers 2.1.4.
  Installing Microsoft.AspNetCore.Cryptography.Internal 2.0.1.
  Installing Microsoft.Extensions.PlatformAbstractions 1.1.0.
  Installing Google.Apis.Core 1.30.0.
  Installing Google.Apis 1.30.0.
  Installing System.Diagnostics.Process 4.3.0.
  Installing Google.Apis.Core 1.32.0.
  Installing System.Net.Http 4.3.1.
  Installing Microsoft.AspNetCore.Http.Features 2.1.0.
  Installing Microsoft.AspNetCore.Routing.Abstractions 2.0.0.
  Installing Microsoft.Net.Http.Headers 2.0.0.
  Installing Microsoft.AspNetCore.Authentication.Abstractions 2.0.0.
  Installing Microsoft.AspNetCore.Authorization 2.0.0.
  Installing Microsoft.AspNetCore.WebUtilities 2.0.0.
  Installing Microsoft.Extensions.ObjectPool 2.0.0.
  Installing System.Buffers 4.4.0.
  Installing Microsoft.DotNet.PlatformAbstractions 2.0.0.
  Installing AspNet.Security.OpenIdConnect.Primitives 2.0.0.
  Installing Microsoft.AspNetCore.DataProtection 2.0.0.
  Installing Microsoft.Extensions.WebEncoders 2.0.0.
  Installing Microsoft.IdentityModel.Protocols 5.2.1.
  Installing System.IdentityModel.Tokens.Jwt 5.2.1.
  Installing Microsoft.AspNetCore.Mvc.DataAnnotations 2.0.4.
  Installing Microsoft.AspNetCore.Mvc.Core 2.0.4.
  Installing Microsoft.AspNetCore.Mvc.Formatters.Json 2.0.4.
  Installing Microsoft.AspNetCore.Antiforgery 2.0.3.
  Installing Microsoft.AspNetCore.Diagnostics.Abstractions 2.0.3.
  Installing Microsoft.Extensions.WebEncoders 2.0.2.
  Installing Microsoft.AspNetCore.Razor.Language 2.0.3.
  Installing Microsoft.CodeAnalysis.Common 2.3.1.
  Installing Microsoft.Extensions.FileProviders.Abstractions 2.0.1.
  Installing Microsoft.AspNetCore.Http.Features 2.0.3.
  Installing System.Runtime.CompilerServices.Unsafe 4.5.1.
  Installing Microsoft.Win32.Registry 4.3.0.
  Installing Microsoft.AspNetCore.Cryptography.Internal 2.0.0.
  Installing Microsoft.AspNetCore.DataProtection.Abstractions 2.0.0.
  Installing Microsoft.Win32.Registry 4.4.0.
  Installing System.Security.Cryptography.Xml 4.4.0.
  Installing Microsoft.IdentityModel.Logging 5.2.1.
  Installing Microsoft.IdentityModel.Tokens 5.2.1.
  Installing Microsoft.AspNetCore.Mvc.Abstractions 2.0.4.
  Installing Microsoft.AspNetCore.Authentication.Core 2.0.3.
  Restore completed in 40.46 sec for /home/calvin/calvin-nix-conf/pkgs/btcpayserver/btcpayserver/BTCPayServer.Rating/BTCPayServer.Rating.csproj.
  Restore completed in 40.45 sec for /home/calvin/calvin-nix-conf/pkgs/btcpayserver/btcpayserver/BTCPayServer.Common/BTCPayServer.Common.csproj.
  Restore completed in 43.81 sec for /home/calvin/calvin-nix-conf/pkgs/btcpayserver/btcpayserver/BTCPayServer/BTCPayServer.csproj.
  Restore completed in 44 sec for /home/calvin/calvin-nix-conf/pkgs/btcpayserver/btcpayserver/BTCPayServer/BTCPayServer.csproj.
